0 silly argv {
0 silly argv   _: [ 'run' ],
0 silly argv   parallel: true,
0 silly argv   lernaVersion: '8.1.2',
0 silly argv   '$0': '/Users/cosma/web/kspr-dev-rework/node_modules/.bin/lerna',
0 silly argv   script: 'start'
0 silly argv }
1 notice cli v8.1.2
2 verbose packageConfigs Resolving packages based on package.json "workspaces" configuration.
3 verbose rootPath /Users/cosma/web/kspr-dev-rework
4 error Error: The following projects are defined in multiple locations:
4 error - @kspr-dev/mfe-header:
4 error   - packages/mfe-footer
4 error   - packages/mfe-header
4 error
4 error To fix this, set a unique name for each project in a project.json inside the project's root. If the project does not currently have a project.json, you can create one that contains only a name.
4 error     at readProjectConfigurationsFromRootMap (/Users/cosma/web/kspr-dev-rework/node_modules/nx/src/project-graph/utils/project-configuration-utils.js:385:15)
4 error     at /Users/cosma/web/kspr-dev-rework/node_modules/nx/src/project-graph/utils/project-configuration-utils.js:328:26
4 error     at async buildProjectGraphAndSourceMapsWithoutDaemon (/Users/cosma/web/kspr-dev-rework/node_modules/nx/src/project-graph/project-graph.js:79:31)
4 error     at async createProjectGraphAndSourceMapsAsync (/Users/cosma/web/kspr-dev-rework/node_modules/nx/src/project-graph/project-graph.js:240:25)
4 error     at async createProjectGraphAsync (/Users/cosma/web/kspr-dev-rework/node_modules/nx/src/project-graph/project-graph.js:229:39)
4 error     at async detectProjects (/Users/cosma/web/kspr-dev-rework/node_modules/lerna/dist/index.js:1563:25)
